Arguments: 
  C:\Program Files\nodejs\node.exe C:\Program Files (x86)\Yarn\bin\yarn.js add express mysql cors

PATH: 
  C:\Program Files\Git\mingw64\bin;C:\Program Files\Git\usr\bin;C:\Users\mcsaa\bin;C:\Program Files (x86)\Common Files\Oracle\Java\javapath;C:\Windows\system32;C:\Windows;C:\Windows\System32\Wbem;C:\Windows\System32\WindowsPowerShell\v1.0;C:\Windows\System32\OpenSSH;C:\Program Files (x86)\Yarn\bin;C:\Program Files\nodejs;C:\Program Files (x86)\ZeroTier\One;C:\Users\mcsaa\AppData\Local\Programs\Python\Python39\Scripts;C:\Users\mcsaa\AppData\Local\Programs\Python\Python39;C:\Program Files\dotnet;C:\Program Files\Git\cmd;C:\Program Files\MySQL\MySQL Shell 8.0\bin;C:\Users\mcsaa\AppData\Local\Microsoft\WindowsApps;D:\Users\mcsaa\AppData\Local\Programs\Microsoft VS Code\bin;C:\Users\mcsaa\AppData\Local\Yarn\bin;C:\Users\mcsaa\AppData\Roaming\npm;C:\Users\mcsaa\AppData\Local\Programs\Python\Python39;C:\Users\mcsaa\AppData\Local\Programs\Python\Python39\Scripts;C:\Users\mcsaa\.dotnet\tools

Yarn version: 
  1.22.5

Node version: 
  12.19.0

Platform: 
  win32 x64

Trace: 
  SyntaxError: C:\Users\mcsaa\Desktop\PROJETOS\joguinho\server\package.json: Unexpected end of JSON input
      at JSON.parse (<anonymous>)
      at C:\Program Files (x86)\Yarn\lib\cli.js:1625:59
      at Generator.next (<anonymous>)
      at step (C:\Program Files (x86)\Yarn\lib\cli.js:310:30)
      at C:\Program Files (x86)\Yarn\lib\cli.js:321:13

npm manifest: 
  

yarn manifest: 
  No manifest

Lockfile: 
  No lockfile
